<?xml version="1.0" encoding="UTF-8"?>
<testsuite xmlns:xsi="http://www.w3.org/2001/XMLSchema-instance" xsi:noNamespaceSchemaLocation="https://maven.apache.org/surefire/maven-surefire-plugin/xsd/surefire-test-report-3.0.xsd" version="3.0" name="com.example.onlybuns.service.FollowersServiceConcurrencyTest" time="8.29" tests="1" errors="0" skipped="0" failures="0">
  <properties>
[...]
</properties>
  <testcase name="concurrentFollowsShouldBothSucceed" classname="com.example.onlybuns.service.FollowersServiceConcurrencyTest" time="0.861">
    <system-out><![CDATA[10:54:03.904 [main] INFO org.springframework.boot.test.context.SpringBootTestContextBootstrapper -- Found @SpringBootConfiguration com.example.onlybuns.OnlybunsApplication for test class com.example.onlybuns.service.FollowersServiceConcurrencyTest

  .   ____          _            __ _ _
 /\\ / ___'_ __ _ _(_)_ __  __ _ \ \ \ \
( ( )\___ | '_ | '_| | '_ \/ _` | \ \ \ \
 \\/  ___)| |_)| | | | | || (_| |  ) ) ) )
  '  |____| .__|_| |_|_| |_\__, | / / / /
 =========|_|==============|___/=/_/_/_/

 :: Spring Boot ::                (v3.3.5)

2025-07-16T10:54:04.560+02:00  INFO 19108 --- [           main] c.e.o.s.FollowersServiceConcurrencyTest  : Starting FollowersServiceConcurrencyTest using Java 17.0.12 with PID 19108 (started by Milan in C:\Users\Milan\Desktop\isa-be-project\isa-onlybuns)
2025-07-16T10:54:04.562+02:00  INFO 19108 --- [           main] c.e.o.s.FollowersServiceConcurrencyTest  : No active profile set, falling back to 1 default profile: "default"
2025-07-16T10:54:05.233+02:00  INFO 19108 --- [           main] .s.d.r.c.RepositoryConfigurationDelegate : Bootstrapping Spring Data JPA repositories in DEFAULT mode.
2025-07-16T10:54:05.369+02:00  INFO 19108 --- [           main] .s.d.r.c.RepositoryConfigurationDelegate : Finished Spring Data repository scanning in 126 ms. Found 5 JPA repository interfaces.
2025-07-16T10:54:05.487+02:00  INFO 19108 --- [           main] beddedDataSourceBeanFactoryPostProcessor : Replacing 'dataSource' DataSource bean with embedded version
2025-07-16T10:54:05.900+02:00  INFO 19108 --- [           main] o.s.j.d.e.EmbeddedDatabaseFactory        : Starting embedded database: url='jdbc:h2:mem:d2343fb9-a6ea-4328-925e-e14857a5904d;DB_CLOSE_DELAY=-1;DB_CLOSE_ON_EXIT=false', username='sa'
2025-07-16T10:54:06.324+02:00  INFO 19108 --- [           main] o.hibernate.jpa.internal.util.LogHelper  : HHH000204: Processing PersistenceUnitInfo [name: default]
2025-07-16T10:54:06.433+02:00  INFO 19108 --- [           main] org.hibernate.Version                    : HHH000412: Hibernate ORM core version 6.5.3.Final
2025-07-16T10:54:06.488+02:00  INFO 19108 --- [           main] o.h.c.internal.RegionFactoryInitiator    : HHH000026: Second-level cache disabled
2025-07-16T10:54:06.908+02:00  INFO 19108 --- [           main] o.s.o.j.p.SpringPersistenceUnitInfo      : No LoadTimeWeaver setup: ignoring JPA class transformer
2025-07-16T10:54:06.985+02:00  WARN 19108 --- [           main] org.hibernate.orm.deprecation            : HHH90000025: H2Dialect does not need to be specified explicitly using 'hibernate.dialect' (remove the property setting and it will be selected by default)
2025-07-16T10:54:08.204+02:00  INFO 19108 --- [           main] o.h.e.t.j.p.i.JtaPlatformInitiator       : HHH000489: No JTA platform available (set 'hibernate.transaction.jta.platform' to enable JTA platform integration)
Hibernate: drop table if exists comment cascade 
Hibernate: drop table if exists followers cascade 
Hibernate: drop table if exists likes cascade 
Hibernate: drop table if exists post cascade 
Hibernate: drop table if exists user_info cascade 
Hibernate: create table comment (creation_date timestamp(6) with time zone, id bigint generated by default as identity, post_id bigint not null, user_id bigint not null, text varchar(255), primary key (id))
Hibernate: create table followers (followed_at timestamp(6) with time zone, followee_id bigint not null, follower_id bigint not null, id bigint generated by default as identity, primary key (id), constraint uk_followers_follower_followee unique (follower_id, followee_id))
Hibernate: create table likes (id bigint generated by default as identity, like_date timestamp(6), post_id bigint not null, user_id bigint not null, primary key (id))
Hibernate: create table post (latitude float(53), like_count integer not null, longitude float(53), created_at timestamp(6) with time zone, id bigint generated by default as identity, user_id bigint not null, address varchar(255), city varchar(255), country varchar(255), description varchar(255), image varchar(255), primary key (id))
Hibernate: create table user_info (is_active boolean not null, is_notified boolean, id bigint generated by default as identity, last_login timestamp(6), registration_date timestamp(6), activation_token varchar(255), address varchar(255), email varchar(255), name varchar(255), password varchar(255), roles varchar(255), username varchar(255), primary key (id))
Hibernate: alter table if exists comment add constraint FKs1slvnkuemjsq2kj4h3vhx7i1 foreign key (post_id) references post
Hibernate: alter table if exists comment add constraint FKcs3mffo2nicys344xkiymy9u1 foreign key (user_id) references user_info
Hibernate: alter table if exists followers add constraint FKgw7bfy58ddj8087ntsoipd3gb foreign key (followee_id) references user_info
Hibernate: alter table if exists followers add constraint FKach99j2sotqkkhi32furkxopx foreign key (follower_id) references user_info
Hibernate: alter table if exists likes add constraint FKowd6f4s7x9f3w50pvlo6x3b41 foreign key (post_id) references post on delete cascade
Hibernate: alter table if exists likes add constraint FKdqxqaebt714jthaknbwgsak2i foreign key (user_id) references user_info
Hibernate: alter table if exists post add constraint FKqiq7jdf8sa6hq1d8sr0k6s12q foreign key (user_id) references user_info
2025-07-16T10:54:08.278+02:00  INFO 19108 --- [           main] j.LocalContainerEntityManagerFactoryBean : Initialized JPA EntityManagerFactory for persistence unit 'default'
2025-07-16T10:54:08.814+02:00  INFO 19108 --- [           main] o.s.d.j.r.query.QueryEnhancerFactory     : Hibernate is in classpath; If applicable, HQL parser will be used.
2025-07-16T10:54:10.799+02:00  INFO 19108 --- [           main] o.s.s.config.TaskSchedulerRouter         : No TaskScheduler/ScheduledExecutorService bean found for scheduled processing
2025-07-16T10:54:10.810+02:00  INFO 19108 --- [           main] c.e.o.s.FollowersServiceConcurrencyTest  : Started FollowersServiceConcurrencyTest in 6.773 seconds (process running for 8.489)
Hibernate: select f1_0.id,f1_0.followed_at,f1_0.followee_id,f1_0.follower_id from followers f1_0
Hibernate: select ui1_0.id,ui1_0.activation_token,ui1_0.address,ui1_0.email,ui1_0.is_active,ui1_0.is_notified,ui1_0.last_login,ui1_0.name,ui1_0.password,(select count(p.id) from post p where p.user_id = ui1_0.id),ui1_0.registration_date,ui1_0.roles,ui1_0.username from user_info ui1_0
Hibernate: insert into user_info (activation_token,address,email,is_active,is_notified,last_login,name,password,registration_date,roles,username,id) values (?,?,?,?,?,?,?,?,?,?,?,default)
Hibernate: insert into user_info (activation_token,address,email,is_active,is_notified,last_login,name,password,registration_date,roles,username,id) values (?,?,?,?,?,?,?,?,?,?,?,default)
Hibernate: insert into user_info (activation_token,address,email,is_active,is_notified,last_login,name,password,registration_date,roles,username,id) values (?,?,?,?,?,?,?,?,?,?,?,default)
Hibernate: select f1_0.id from followers f1_0 where f1_0.follower_id=? and f1_0.followee_id=? fetch first ? rows only
Hibernate: select f1_0.id from followers f1_0 where f1_0.follower_id=? and f1_0.followee_id=? fetch first ? rows only
Hibernate: select ui1_0.id,ui1_0.activation_token,ui1_0.address,ui1_0.email,ui1_0.is_active,ui1_0.is_notified,ui1_0.last_login,ui1_0.name,ui1_0.password,(select count(p.id) from post p where p.user_id = ui1_0.id),ui1_0.registration_date,ui1_0.roles,ui1_0.username from user_info ui1_0 where ui1_0.id=?
Hibernate: select ui1_0.id,ui1_0.activation_token,ui1_0.address,ui1_0.email,ui1_0.is_active,ui1_0.is_notified,ui1_0.last_login,ui1_0.name,ui1_0.password,(select count(p.id) from post p where p.user_id = ui1_0.id),ui1_0.registration_date,ui1_0.roles,ui1_0.username from user_info ui1_0 where ui1_0.id=?
Hibernate: select ui1_0.id,ui1_0.activation_token,ui1_0.address,ui1_0.email,ui1_0.is_active,ui1_0.is_notified,ui1_0.last_login,ui1_0.name,ui1_0.password,(select count(p.id) from post p where p.user_id = ui1_0.id),ui1_0.registration_date,ui1_0.roles,ui1_0.username from user_info ui1_0 where ui1_0.id=?
Hibernate: insert into followers (followed_at,followee_id,follower_id,id) values (?,?,?,default)
Hibernate: select ui1_0.id,ui1_0.activation_token,ui1_0.address,ui1_0.email,ui1_0.is_active,ui1_0.is_notified,ui1_0.last_login,ui1_0.name,ui1_0.password,(select count(p.id) from post p where p.user_id = ui1_0.id),ui1_0.registration_date,ui1_0.roles,ui1_0.username from user_info ui1_0 where ui1_0.id=?
Hibernate: insert into followers (followed_at,followee_id,follower_id,id) values (?,?,?,default)
Hibernate: select count(f1_0.id) from followers f1_0 where f1_0.followee_id=?
]]></system-out>
  </testcase>
</testsuite>